<?xml version="1.0" encoding="UTF-8"?>
<!-- Generated by org.testng.reporters.JUnitReportReporter -->
<testsuite skipped="0" hostname="LAPTOP-LVRQQHSS" name="qaclickacademy.APITest" tests="2" failures="0" timestamp="2020-06-09T15:50:53 IST" time="0.012" errors="0">
  <testcase name="PostJira" time="0.010" classname="qaclickacademy.APITest"/>
  <system-out/>
  <testcase name="deleteTwitter" time="0.002" classname="qaclickacademy.APITest"/>
  <system-out/>
</testsuite> <!-- qaclickacademy.APITest -->
